#-----------------------------------------------------------
# Vivado v2022.2 (64-bit)
# SW Build 3671981 on Fri Oct 14 05:00:03 MDT 2022
# IP Build 3669848 on Fri Oct 14 08:30:02 MDT 2022
# Start of session at: Fri Jan  3 17:45:53 2025
# Process ID: 46756
# Current directory: C:/Users/hugoz/OneDrive/Desktop/se/master/prcticas/pruebas_SE
# Command line: vivado.exe -gui_launcher_event rodinguilauncherevent47016 C:\Users\hugoz\OneDrive\Desktop\se\master\prcticas\pruebas_SE\pruebas_SE.xpr
# Log file: C:/Users/hugoz/OneDrive/Desktop/se/master/prcticas/pruebas_SE/vivado.log
# Journal file: C:/Users/hugoz/OneDrive/Desktop/se/master/prcticas/pruebas_SE\vivado.jou
# Running On: Spartan01, OS: Windows, CPU Frequency: 2904 MHz, CPU Physical cores: 2, Host memory: 21352 MB
#-----------------------------------------------------------
start_gui
open_project C:/Users/hugoz/OneDrive/Desktop/se/master/prcticas/pruebas_SE/pruebas_SE.xpr
WARNING: [Board 49-26] cannot add Board Part xilinx.com:kc705:part0:1.6 available at C:/Xilinx/Vivado/2022.2/data/xhub/boards/XilinxBoardStore/boards/Xilinx/kc705/1.6/board.xml as part xc7k325tffg900-2 specified in board_part file is either invalid or not available
WARNING: [Board 49-26] cannot add Board Part xilinx.com:kcu105:part0:1.6 available at C:/Xilinx/Vivado/2022.2/data/xhub/boards/XilinxBoardStore/boards/Xilinx/kcu105/1.6/board.xml as part xcku040-ffva1156-2-e specified in board_part file is either invalid or not available
WARNING: [Board 49-26] cannot add Board Part xilinx.com:kcu105:part0:1.7 available at C:/Xilinx/Vivado/2022.2/data/xhub/boards/XilinxBoardStore/boards/Xilinx/kcu105/1.7/board.xml as part xcku040-ffva1156-2-e specified in board_part file is either invalid or not available
WARNING: [Board 49-26] cannot add Board Part xilinx.com:kcu1500:part0:1.2 available at C:/Xilinx/Vivado/2022.2/data/xhub/boards/XilinxBoardStore/boards/Xilinx/kcu1500/1.2/board.xml as part xcku115-flvb2104-2-e specified in board_part file is either invalid or not available
WARNING: [Board 49-26] cannot add Board Part xilinx.com:vc707:part0:1.4 available at C:/Xilinx/Vivado/2022.2/data/xhub/boards/XilinxBoardStore/boards/Xilinx/vc707/1.4/board.xml as part xc7vx485tffg1761-2 specified in board_part file is either invalid or not available
WARNING: [Board 49-26] cannot add Board Part xilinx.com:vc709:part0:1.8 available at C:/Xilinx/Vivado/2022.2/data/xhub/boards/XilinxBoardStore/boards/Xilinx/vc709/1.8/board.xml as part xc7vx690tffg1761-2 specified in board_part file is either invalid or not available
WARNING: [Board 49-26] cannot add Board Part xilinx.com:vck190:part0:2.2 available at C:/Xilinx/Vivado/2022.2/data/xhub/boards/XilinxBoardStore/boards/Xilinx/vck190/production/2.2/board.xml as part xcvc1902-vsva2197-2mp-e-s specified in board_part file is either invalid or not available
WARNING: [Board 49-26] cannot add Board Part xilinx.com:vck190:part0:3.0 available at C:/Xilinx/Vivado/2022.2/data/xhub/boards/XilinxBoardStore/boards/Xilinx/vck190/production/3.0/board.xml as part xcvc1902-vsva2197-2mp-e-s specified in board_part file is either invalid or not available
WARNING: [Board 49-26] cannot add Board Part xilinx.com:vck190:part0:3.1 available at C:/Xilinx/Vivado/2022.2/data/xhub/boards/XilinxBoardStore/boards/Xilinx/vck190/production/3.1/board.xml as part xcvc1902-vsva2197-2mp-e-s specified in board_part file is either invalid or not available
WARNING: [Board 49-26] cannot add Board Part xilinx.com:vck190_newl:part0:1.0 available at C:/Xilinx/Vivado/2022.2/data/xhub/boards/XilinxBoardStore/boards/Xilinx/vck190_newl/production/1.0/board.xml as part xcvc1902-vsva2197-2mp-e-s specified in board_part file is either invalid or not available
WARNING: [Board 49-26] cannot add Board Part xilinx.com:vcu108:part0:1.6 available at C:/Xilinx/Vivado/2022.2/data/xhub/boards/XilinxBoardStore/boards/Xilinx/vcu108/1.6/board.xml as part xcvu095-ffva2104-2-e specified in board_part file is either invalid or not available
WARNING: [Board 49-26] cannot add Board Part xilinx.com:vcu108:part0:1.7 available at C:/Xilinx/Vivado/2022.2/data/xhub/boards/XilinxBoardStore/boards/Xilinx/vcu108/1.7/board.xml as part xcvu095-ffva2104-2-e specified in board_part file is either invalid or not available
WARNING: [Board 49-26] cannot add Board Part xilinx.com:vcu110:part0:1.4 available at C:/Xilinx/Vivado/2022.2/data/xhub/boards/XilinxBoardStore/boards/Xilinx/vcu110/1.4/board.xml as part xcvu190-flgc2104-2-e specified in board_part file is either invalid or not available
WARNING: [Board 49-26] cannot add Board Part xilinx.com:vcu118:part0:2.0 available at C:/Xilinx/Vivado/2022.2/data/xhub/boards/XilinxBoardStore/boards/Xilinx/vcu118/2.0/board.xml as part xcvu9p-flga2104-2l-e specified in board_part file is either invalid or not available
WARNING: [Board 49-26] cannot add Board Part xilinx.com:vcu118:part0:2.3 available at C:/Xilinx/Vivado/2022.2/data/xhub/boards/XilinxBoardStore/boards/Xilinx/vcu118/2.3/board.xml as part xcvu9p-flga2104-2l-e specified in board_part file is either invalid or not available
WARNING: [Board 49-26] cannot add Board Part xilinx.com:vcu118:part0:2.4 available at C:/Xilinx/Vivado/2022.2/data/xhub/boards/XilinxBoardStore/boards/Xilinx/vcu118/2.4/board.xml as part xcvu9p-flga2104-2l-e specified in board_part file is either invalid or not available
WARNING: [Board 49-26] cannot add Board Part xilinx.com:vcu128:part0:1.0 available at C:/Xilinx/Vivado/2022.2/data/xhub/boards/XilinxBoardStore/boards/Xilinx/vcu128/production/1.0/board.xml as part xcvu37p-fsvh2892-2l-e specified in board_part file is either invalid or not available
WARNING: [Board 49-26] cannot add Board Part xilinx.com:vcu129:part0:1.0 available at C:/Xilinx/Vivado/2022.2/data/xhub/boards/XilinxBoardStore/boards/Xilinx/vcu129/production/1.0/board.xml as part xcvu29p-fsga2577-2l-e specified in board_part file is either invalid or not available
WARNING: [Board 49-26] cannot add Board Part xilinx.com:vcu1525:part0:1.3 available at C:/Xilinx/Vivado/2022.2/data/xhub/boards/XilinxBoardStore/boards/Xilinx/vcu1525/1.3/board.xml as part xcvu9p-fsgd2104-2l-e specified in board_part file is either invalid or not available
WARNING: [Board 49-26] cannot add Board Part xilinx.com:vek280_es:part0:1.0 available at C:/Xilinx/Vivado/2022.2/data/xhub/boards/XilinxBoardStore/boards/Xilinx/vek280/es/1.0/board.xml as part xcve2802-vsvh1760-2lp-e-s-es1 specified in board_part file is either invalid or not available
WARNING: [Board 49-26] cannot add Board Part xilinx.com:vermeo_t1_mpsoc:part0:1.0 available at C:/Xilinx/Vivado/2022.2/data/xhub/boards/XilinxBoardStore/boards/Xilinx/vermeo_t1_mpsoc/1.0/board.xml as part xczu19eg-ffvd1760-2l-e specified in board_part file is either invalid or not available
WARNING: [Board 49-26] cannot add Board Part xilinx.com:vermeo_t1_rfsoc:part0:1.0 available at C:/Xilinx/Vivado/2022.2/data/xhub/boards/XilinxBoardStore/boards/Xilinx/vermeo_t1_rfsoc/1.0/board.xml as part xczu21dr-ffvd1156-2l-e specified in board_part file is either invalid or not available
WARNING: [Board 49-26] cannot add Board Part xilinx.com:vhk158_es:part0:1.0 available at C:/Xilinx/Vivado/2022.2/data/xhub/boards/XilinxBoardStore/boards/Xilinx/vhk158/es/1.0/board.xml as part xcvh1582-vsva3697-2mp-e-s-es1 specified in board_part file is either invalid or not available
WARNING: [Board 49-26] cannot add Board Part xilinx.com:vmk180:part0:2.2 available at C:/Xilinx/Vivado/2022.2/data/xhub/boards/XilinxBoardStore/boards/Xilinx/vmk180/production/2.2/board.xml as part xcvm1802-vsva2197-2mp-e-s specified in board_part file is either invalid or not available
WARNING: [Board 49-26] cannot add Board Part xilinx.com:vmk180:part0:3.0 available at C:/Xilinx/Vivado/2022.2/data/xhub/boards/XilinxBoardStore/boards/Xilinx/vmk180/production/3.0/board.xml as part xcvm1802-vsva2197-2mp-e-s specified in board_part file is either invalid or not available
WARNING: [Board 49-26] cannot add Board Part xilinx.com:vmk180:part0:3.1 available at C:/Xilinx/Vivado/2022.2/data/xhub/boards/XilinxBoardStore/boards/Xilinx/vmk180/production/3.1/board.xml as part xcvm1802-vsva2197-2mp-e-s specified in board_part file is either invalid or not available
WARNING: [Board 49-26] cannot add Board Part xilinx.com:vmk180_newl:part0:1.0 available at C:/Xilinx/Vivado/2022.2/data/xhub/boards/XilinxBoardStore/boards/Xilinx/vmk180_newl/production/1.0/board.xml as part xcvm1802-vsva2197-2mp-e-s specified in board_part file is either invalid or not available
WARNING: [Board 49-26] cannot add Board Part xilinx.com:vpk120:part0:1.0 available at C:/Xilinx/Vivado/2022.2/data/xhub/boards/XilinxBoardStore/boards/Xilinx/vpk120/production/1.0/board.xml as part xcvp1202-vsva2785-2mp-e-s specified in board_part file is either invalid or not available
WARNING: [Board 49-26] cannot add Board Part xilinx.com:vpk120_es:part0:1.2 available at C:/Xilinx/Vivado/2022.2/data/xhub/boards/XilinxBoardStore/boards/Xilinx/vpk120/es/1.2/board.xml as part xcvp1202-vsva2785-2mp-e-s-es1 specified in board_part file is either invalid or not available
WARNING: [Board 49-26] cannot add Board Part xilinx.com:vpk120_es_revb:part0:1.0 available at C:/Xilinx/Vivado/2022.2/data/xhub/boards/XilinxBoardStore/boards/Xilinx/vpk120_revb/es/1.0/board.xml as part xcvp1202-vsva2785-2mp-e-s-es1 specified in board_part file is either invalid or not available
WARNING: [Board 49-26] cannot add Board Part xilinx.com:vpk180_es:part0:1.0 available at C:/Xilinx/Vivado/2022.2/data/xhub/boards/XilinxBoardStore/boards/Xilinx/vpk180/es/1.0/board.xml as part xcvp1802-lsvc4072-2mp-e-s-es1 specified in board_part file is either invalid or not available
WARNING: [Board 49-26] cannot add Board Part xilinx.com:zc706:part0:1.4 available at C:/Xilinx/Vivado/2022.2/data/xhub/boards/XilinxBoardStore/boards/Xilinx/zc706/1.4/board.xml as part xc7z045ffg900-2 specified in board_part file is either invalid or not available
WARNING: [Board 49-26] cannot add Board Part xilinx.com:zcu102:part0:3.3 available at C:/Xilinx/Vivado/2022.2/data/xhub/boards/XilinxBoardStore/boards/Xilinx/zcu102/3.3/board.xml as part xczu9eg-ffvb1156-2-e specified in board_part file is either invalid or not available
WARNING: [Board 49-26] cannot add Board Part xilinx.com:zcu102:part0:3.4 available at C:/Xilinx/Vivado/2022.2/data/xhub/boards/XilinxBoardStore/boards/Xilinx/zcu102/3.4/board.xml as part xczu9eg-ffvb1156-2-e specified in board_part file is either invalid or not available
WARNING: [Board 49-26] cannot add Board Part xilinx.com:zcu111:part0:1.2 available at C:/Xilinx/Vivado/2022.2/data/xhub/boards/XilinxBoardStore/boards/Xilinx/zcu111/1.2/board.xml as part xczu28dr-ffvg1517-2-e specified in board_part file is either invalid or not available
WARNING: [Board 49-26] cannot add Board Part xilinx.com:zcu111:part0:1.3 available at C:/Xilinx/Vivado/2022.2/data/xhub/boards/XilinxBoardStore/boards/Xilinx/zcu111/1.3/board.xml as part xczu28dr-ffvg1517-2-e specified in board_part file is either invalid or not available
WARNING: [Board 49-26] cannot add Board Part xilinx.com:zcu111:part0:1.4 available at C:/Xilinx/Vivado/2022.2/data/xhub/boards/XilinxBoardStore/boards/Xilinx/zcu111/1.4/board.xml as part xczu28dr-ffvg1517-2-e specified in board_part file is either invalid or not available
WARNING: [Board 49-26] cannot add Board Part xilinx.com:zcu1275:part0:1.0 available at C:/Xilinx/Vivado/2022.2/data/xhub/boards/XilinxBoardStore/boards/Xilinx/zcu1275/1.0/board.xml as part xczu29dr-ffvf1760-2-e specified in board_part file is either invalid or not available
WARNING: [Board 49-26] cannot add Board Part xilinx.com:zcu1285:part0:1.0 available at C:/Xilinx/Vivado/2022.2/data/xhub/boards/XilinxBoardStore/boards/Xilinx/zcu1285/1.0/board.xml as part xczu39dr-ffvf1760-2-i specified in board_part file is either invalid or not available
WARNING: [Board 49-26] cannot add Board Part xilinx.com:zcu208:part0:2.0 available at C:/Xilinx/Vivado/2022.2/data/xhub/boards/XilinxBoardStore/boards/Xilinx/zcu208/production/2.0/board.xml as part xczu48dr-fsvg1517-2-e specified in board_part file is either invalid or not available
WARNING: [Board 49-26] cannot add Board Part xilinx.com:zcu208ld:part0:2.0 available at C:/Xilinx/Vivado/2022.2/data/xhub/boards/XilinxBoardStore/boards/Xilinx/zcu208ld/production/2.0/board.xml as part xczu58dr-fsvg1517-2-i specified in board_part file is either invalid or not available
WARNING: [Board 49-26] cannot add Board Part xilinx.com:zcu216:part0:2.0 available at C:/Xilinx/Vivado/2022.2/data/xhub/boards/XilinxBoardStore/boards/Xilinx/zcu216/production/2.0/board.xml as part xczu49dr-ffvf1760-2-e specified in board_part file is either invalid or not available
WARNING: [Board 49-26] cannot add Board Part xilinx.com:zcu216ld:part0:2.0 available at C:/Xilinx/Vivado/2022.2/data/xhub/boards/XilinxBoardStore/boards/Xilinx/zcu216ld/production/2.0/board.xml as part xczu59dr-ffvf1760-2-i specified in board_part file is either invalid or not available
WARNING: [Board 49-26] cannot add Board Part xilinx.com:zcu670:part0:2.0 available at C:/Xilinx/Vivado/2022.2/data/xhub/boards/XilinxBoardStore/boards/Xilinx/zcu670/2.0/board.xml as part xczu67dr-fsve1156-2-i specified in board_part file is either invalid or not available
WARNING: [Board 49-26] cannot add Board Part xilinx.com:zcu670ld:part0:1.0 available at C:/Xilinx/Vivado/2022.2/data/xhub/boards/XilinxBoardStore/boards/Xilinx/zcu670ld/1.0/board.xml as part xczu57dr-fsve1156-2-i specified in board_part file is either invalid or not available
INFO: [filemgmt 56-3] Default IP Output Path : Could not find the directory 'C:/Users/hugoz/OneDrive/Desktop/se/master/prcticas/pruebas_SE/pruebas_SE.gen/sources_1'.
Scanning sources...
Finished scanning sources
INFO: [IP_Flow 19-234] Refreshing IP repositories
INFO: [IP_Flow 19-1704] No user IP repositories specified
INFO: [IP_Flow 19-2313] Loaded Vivado IP repository 'C:/Xilinx/Vivado/2022.2/data/ip'.
open_project: Time (s): cpu = 00:00:56 ; elapsed = 00:01:02 . Memory (MB): peak = 1112.340 ; gain = 361.668
update_compile_order -fileset sources_1
launch_simulation
Command: launch_simulation 
INFO: [Vivado 12-12493] Simulation top is 'tb_AND_2bits'
WARNING: [Vivado 12-13340] Unable to auto find GCC executables from simulator install path! (path not set)
WARNING: [Vivado 12-13277] Compiled library path does not exist: ''
INFO: [Vivado 12-5682] Launching behavioral simulation in 'C:/Users/hugoz/OneDrive/Desktop/se/master/prcticas/pruebas_SE/pruebas_SE.sim/sim_1/behav/xsim'
INFO: [SIM-utils-51] Simulation object is 'sim_1'
INFO: [SIM-utils-72] Using boost library from 'C:/Xilinx/Vivado/2022.2/tps/boost_1_72_0'
INFO: [SIM-utils-54] Inspecting design source files for 'tb_AND_2bits' in fileset 'sim_1'...
INFO: [USF-XSim-97] Finding global include files...
INFO: [USF-XSim-98] Fetching design files from 'sim_1'...
INFO: [USF-XSim-2] XSim::Compile design
INFO: [USF-XSim-61] Executing 'COMPILE and ANALYZE' step in 'C:/Users/hugoz/OneDrive/Desktop/se/master/prcticas/pruebas_SE/pruebas_SE.sim/sim_1/behav/xsim'
"xvhdl --incr --relax -prj tb_AND_2bits_vhdl.prj"
run_program: Time (s): cpu = 00:00:01 ; elapsed = 00:00:07 . Memory (MB): peak = 1112.340 ; gain = 0.000
INFO: [USF-XSim-69] 'compile' step finished in '7' seconds
INFO: [USF-XSim-3] XSim::Elaborate design
INFO: [USF-XSim-61] Executing 'ELABORATE' step in 'C:/Users/hugoz/OneDrive/Desktop/se/master/prcticas/pruebas_SE/pruebas_SE.sim/sim_1/behav/xsim'
"xelab --incr --debug typical --relax --mt 2 -L xil_defaultlib -L secureip --snapshot tb_AND_2bits_behav xil_defaultlib.tb_AND_2bits -log elaborate.log"
Vivado Simulator v2022.2
Copyright 1986-1999, 2001-2022 Xilinx, Inc. All Rights Reserved.
Running: C:/Xilinx/Vivado/2022.2/bin/unwrapped/win64.o/xelab.exe --incr --debug typical --relax --mt 2 -L xil_defaultlib -L secureip --snapshot tb_AND_2bits_behav xil_defaultlib.tb_AND_2bits -log elaborate.log 
Using 2 slave threads.
Starting static elaboration
Completed static elaboration
INFO: [XSIM 43-4323] No Change in HDL. Linking previously generated obj files to create kernel
run_program: Time (s): cpu = 00:00:02 ; elapsed = 00:00:12 . Memory (MB): peak = 1112.340 ; gain = 0.000
INFO: [USF-XSim-69] 'elaborate' step finished in '12' seconds
INFO: [USF-XSim-4] XSim::Simulate design
INFO: [USF-XSim-61] Executing 'SIMULATE' step in 'C:/Users/hugoz/OneDrive/Desktop/se/master/prcticas/pruebas_SE/pruebas_SE.sim/sim_1/behav/xsim'
INFO: [USF-XSim-98] *** Running xsim
   with args "tb_AND_2bits_behav -key {Behavioral:sim_1:Functional:tb_AND_2bits} -tclbatch {tb_AND_2bits.tcl} -log {simulate.log}"
INFO: [USF-XSim-8] Loading simulator feature
Time resolution is 1 ps
source tb_AND_2bits.tcl
# set curr_wave [current_wave_config]
# if { [string length $curr_wave] == 0 } {
#   if { [llength [get_objects]] > 0} {
#     add_wave /
#     set_property needs_save false [current_wave_config]
#   } else {
#      send_msg_id Add_Wave-1 WARNING "No top level signals found. Simulator will start without a wave window. If you want to open a wave window go to 'File->New Waveform Configuration' or type 'create_wave_config' in the TCL console."
#   }
# }
add_wave: Time (s): cpu = 00:00:07 ; elapsed = 00:00:05 . Memory (MB): peak = 1112.340 ; gain = 0.000
# run 1000ns
xsim: Time (s): cpu = 00:00:14 ; elapsed = 00:00:11 . Memory (MB): peak = 1112.340 ; gain = 0.000
INFO: [USF-XSim-96] XSim completed. Design snapshot 'tb_AND_2bits_behav' loaded.
INFO: [USF-XSim-97] XSim simulation ran for 1000ns
launch_simulation: Time (s): cpu = 00:00:19 ; elapsed = 00:00:33 . Memory (MB): peak = 1112.340 ; gain = 0.000
close_sim
INFO: [Simtcl 6-16] Simulation closed
set_property is_enabled false [get_files  C:/Users/hugoz/OneDrive/Desktop/se/master/prcticas/pruebas_SE/pruebas_SE.srcs/sim_1/new/tb_AND_2bits.vhd]
update_compile_order -fileset sim_1
launch_simulation
Command: launch_simulation 
INFO: [Vivado 12-12493] Simulation top is 'tb_AND_4bits'
WARNING: [Vivado 12-13340] Unable to auto find GCC executables from simulator install path! (path not set)
WARNING: [Vivado 12-13277] Compiled library path does not exist: ''
INFO: [Vivado 12-5682] Launching behavioral simulation in 'C:/Users/hugoz/OneDrive/Desktop/se/master/prcticas/pruebas_SE/pruebas_SE.sim/sim_1/behav/xsim'
INFO: [SIM-utils-51] Simulation object is 'sim_1'
INFO: [SIM-utils-72] Using boost library from 'C:/Xilinx/Vivado/2022.2/tps/boost_1_72_0'
INFO: [SIM-utils-54] Inspecting design source files for 'tb_AND_4bits' in fileset 'sim_1'...
INFO: [USF-XSim-97] Finding global include files...
INFO: [USF-XSim-98] Fetching design files from 'sim_1'...
INFO: [USF-XSim-2] XSim::Compile design
INFO: [USF-XSim-61] Executing 'COMPILE and ANALYZE' step in 'C:/Users/hugoz/OneDrive/Desktop/se/master/prcticas/pruebas_SE/pruebas_SE.sim/sim_1/behav/xsim'
"xvhdl --incr --relax -prj tb_AND_4bits_vhdl.prj"
INFO: [VRFC 10-163] Analyzing VHDL file "C:/Users/hugoz/OneDrive/Desktop/se/master/prcticas/pruebas_SE/pruebas_SE.srcs/sources_1/new/AND_4bits.vhd" into library xil_defaultlib
INFO: [VRFC 10-3107] analyzing entity 'AND_4bits'
INFO: [VRFC 10-163] Analyzing VHDL file "C:/Users/hugoz/OneDrive/Desktop/se/master/prcticas/pruebas_SE/pruebas_SE.srcs/sim_1/new/tb_AND_4bits.vhd" into library xil_defaultlib
INFO: [VRFC 10-3107] analyzing entity 'tb_AND_4bits'
INFO: [USF-XSim-69] 'compile' step finished in '5' seconds
INFO: [USF-XSim-3] XSim::Elaborate design
INFO: [USF-XSim-61] Executing 'ELABORATE' step in 'C:/Users/hugoz/OneDrive/Desktop/se/master/prcticas/pruebas_SE/pruebas_SE.sim/sim_1/behav/xsim'
"xelab --incr --debug typical --relax --mt 2 -L xil_defaultlib -L secureip --snapshot tb_AND_4bits_behav xil_defaultlib.tb_AND_4bits -log elaborate.log"
Vivado Simulator v2022.2
Copyright 1986-1999, 2001-2022 Xilinx, Inc. All Rights Reserved.
Running: C:/Xilinx/Vivado/2022.2/bin/unwrapped/win64.o/xelab.exe --incr --debug typical --relax --mt 2 -L xil_defaultlib -L secureip --snapshot tb_AND_4bits_behav xil_defaultlib.tb_AND_4bits -log elaborate.log 
Using 2 slave threads.
Starting static elaboration
Completed static elaboration
Starting simulation data flow analysis
Completed simulation data flow analysis
Time Resolution for simulation is 1ps
Compiling package std.standard
Compiling package std.textio
Compiling package ieee.std_logic_1164
Compiling architecture behavioral of entity xil_defaultlib.AND_4bits [and_4bits_default]
Compiling architecture behavioral of entity xil_defaultlib.tb_and_4bits
Built simulation snapshot tb_AND_4bits_behav
run_program: Time (s): cpu = 00:00:01 ; elapsed = 00:00:18 . Memory (MB): peak = 1115.977 ; gain = 0.000
INFO: [USF-XSim-69] 'elaborate' step finished in '18' seconds
INFO: [USF-XSim-4] XSim::Simulate design
INFO: [USF-XSim-61] Executing 'SIMULATE' step in 'C:/Users/hugoz/OneDrive/Desktop/se/master/prcticas/pruebas_SE/pruebas_SE.sim/sim_1/behav/xsim'
INFO: [USF-XSim-98] *** Running xsim
   with args "tb_AND_4bits_behav -key {Behavioral:sim_1:Functional:tb_AND_4bits} -tclbatch {tb_AND_4bits.tcl} -log {simulate.log}"
INFO: [USF-XSim-8] Loading simulator feature
Time resolution is 1 ps
source tb_AND_4bits.tcl
# set curr_wave [current_wave_config]
# if { [string length $curr_wave] == 0 } {
#   if { [llength [get_objects]] > 0} {
#     add_wave /
#     set_property needs_save false [current_wave_config]
#   } else {
#      send_msg_id Add_Wave-1 WARNING "No top level signals found. Simulator will start without a wave window. If you want to open a wave window go to 'File->New Waveform Configuration' or type 'create_wave_config' in the TCL console."
#   }
# }
# run 1000ns
INFO: [USF-XSim-96] XSim completed. Design snapshot 'tb_AND_4bits_behav' loaded.
INFO: [USF-XSim-97] XSim simulation ran for 1000ns
launch_simulation: Time (s): cpu = 00:00:07 ; elapsed = 00:00:26 . Memory (MB): peak = 1119.145 ; gain = 3.168
close_sim
INFO: [Simtcl 6-16] Simulation closed
set_property is_enabled false [get_files  C:/Users/hugoz/OneDrive/Desktop/se/master/prcticas/pruebas_SE/pruebas_SE.srcs/sim_1/new/tb_AND_4bits.vhd]
close [ open C:/Users/hugoz/OneDrive/Desktop/se/master/prcticas/pruebas_SE/pruebas_SE.srcs/sources_1/new/OR.vhd w ]
add_files C:/Users/hugoz/OneDrive/Desktop/se/master/prcticas/pruebas_SE/pruebas_SE.srcs/sources_1/new/OR.vhd
update_compile_order -fileset sources_1
export_ip_user_files -of_objects  [get_files C:/Users/hugoz/OneDrive/Desktop/se/master/prcticas/pruebas_SE/pruebas_SE.srcs/sources_1/new/OR.vhd] -no_script -reset -force -quiet
remove_files  C:/Users/hugoz/OneDrive/Desktop/se/master/prcticas/pruebas_SE/pruebas_SE.srcs/sources_1/new/OR.vhd
close [ open C:/Users/hugoz/OneDrive/Desktop/se/master/prcticas/pruebas_SE/pruebas_SE.srcs/sources_1/new/OR_1bit.vhd w ]
add_files C:/Users/hugoz/OneDrive/Desktop/se/master/prcticas/pruebas_SE/pruebas_SE.srcs/sources_1/new/OR_1bit.vhd
update_compile_order -fileset sources_1
close [ open C:/Users/hugoz/OneDrive/Desktop/se/master/prcticas/pruebas_SE/pruebas_SE.srcs/sources_1/new/sist_votos.vhd w ]
add_files C:/Users/hugoz/OneDrive/Desktop/se/master/prcticas/pruebas_SE/pruebas_SE.srcs/sources_1/new/sist_votos.vhd
update_compile_order -fileset sources_1
close [ open C:/Users/hugoz/OneDrive/Desktop/se/master/prcticas/pruebas_SE/pruebas_SE.srcs/sources_1/new/prueba_process.vhd w ]
add_files C:/Users/hugoz/OneDrive/Desktop/se/master/prcticas/pruebas_SE/pruebas_SE.srcs/sources_1/new/prueba_process.vhd
update_compile_order -fileset sources_1
set_property SOURCE_SET sources_1 [get_filesets sim_1]
close [ open C:/Users/hugoz/OneDrive/Desktop/se/master/prcticas/pruebas_SE/pruebas_SE.srcs/sim_1/new/tb_prueba_process.vhd w ]
add_files -fileset sim_1 C:/Users/hugoz/OneDrive/Desktop/se/master/prcticas/pruebas_SE/pruebas_SE.srcs/sim_1/new/tb_prueba_process.vhd
update_compile_order -fileset sim_1
update_compile_order -fileset sim_1
launch_simulation
Command: launch_simulation 
INFO: [Vivado 12-12493] Simulation top is 'tb_prueba_process'
WARNING: [Vivado 12-13340] Unable to auto find GCC executables from simulator install path! (path not set)
WARNING: [Vivado 12-13277] Compiled library path does not exist: ''
INFO: [Vivado 12-5682] Launching behavioral simulation in 'C:/Users/hugoz/OneDrive/Desktop/se/master/prcticas/pruebas_SE/pruebas_SE.sim/sim_1/behav/xsim'
INFO: [SIM-utils-51] Simulation object is 'sim_1'
INFO: [SIM-utils-72] Using boost library from 'C:/Xilinx/Vivado/2022.2/tps/boost_1_72_0'
INFO: [SIM-utils-54] Inspecting design source files for 'tb_prueba_process' in fileset 'sim_1'...
INFO: [USF-XSim-97] Finding global include files...
INFO: [USF-XSim-98] Fetching design files from 'sim_1'...
INFO: [USF-XSim-2] XSim::Compile design
INFO: [USF-XSim-61] Executing 'COMPILE and ANALYZE' step in 'C:/Users/hugoz/OneDrive/Desktop/se/master/prcticas/pruebas_SE/pruebas_SE.sim/sim_1/behav/xsim'
"xvhdl --incr --relax -prj tb_prueba_process_vhdl.prj"
INFO: [VRFC 10-163] Analyzing VHDL file "C:/Users/hugoz/OneDrive/Desktop/se/master/prcticas/pruebas_SE/pruebas_SE.srcs/sources_1/new/prueba_process.vhd" into library xil_defaultlib
INFO: [VRFC 10-3107] analyzing entity 'prueba_process'
INFO: [VRFC 10-163] Analyzing VHDL file "C:/Users/hugoz/OneDrive/Desktop/se/master/prcticas/pruebas_SE/pruebas_SE.srcs/sim_1/new/tb_prueba_process.vhd" into library xil_defaultlib
INFO: [VRFC 10-3107] analyzing entity 'tb_prueba_process'
INFO: [USF-XSim-69] 'compile' step finished in '3' seconds
INFO: [USF-XSim-3] XSim::Elaborate design
INFO: [USF-XSim-61] Executing 'ELABORATE' step in 'C:/Users/hugoz/OneDrive/Desktop/se/master/prcticas/pruebas_SE/pruebas_SE.sim/sim_1/behav/xsim'
"xelab --incr --debug typical --relax --mt 2 -L xil_defaultlib -L secureip --snapshot tb_prueba_process_behav xil_defaultlib.tb_prueba_process -log elaborate.log"
Vivado Simulator v2022.2
Copyright 1986-1999, 2001-2022 Xilinx, Inc. All Rights Reserved.
Running: C:/Xilinx/Vivado/2022.2/bin/unwrapped/win64.o/xelab.exe --incr --debug typical --relax --mt 2 -L xil_defaultlib -L secureip --snapshot tb_prueba_process_behav xil_defaultlib.tb_prueba_process -log elaborate.log 
Using 2 slave threads.
Starting static elaboration
Completed static elaboration
Starting simulation data flow analysis
Completed simulation data flow analysis
Time Resolution for simulation is 1ps
Compiling package std.standard
Compiling package std.textio
Compiling package ieee.std_logic_1164
Compiling architecture behavioral of entity xil_defaultlib.prueba_process [prueba_process_default]
Compiling architecture behavioral of entity xil_defaultlib.tb_prueba_process
Built simulation snapshot tb_prueba_process_behav
INFO: [USF-XSim-69] 'elaborate' step finished in '4' seconds
INFO: [USF-XSim-4] XSim::Simulate design
INFO: [USF-XSim-61] Executing 'SIMULATE' step in 'C:/Users/hugoz/OneDrive/Desktop/se/master/prcticas/pruebas_SE/pruebas_SE.sim/sim_1/behav/xsim'
INFO: [USF-XSim-98] *** Running xsim
   with args "tb_prueba_process_behav -key {Behavioral:sim_1:Functional:tb_prueba_process} -tclbatch {tb_prueba_process.tcl} -log {simulate.log}"
INFO: [USF-XSim-8] Loading simulator feature
Time resolution is 1 ps
source tb_prueba_process.tcl
# set curr_wave [current_wave_config]
# if { [string length $curr_wave] == 0 } {
#   if { [llength [get_objects]] > 0} {
#     add_wave /
#     set_property needs_save false [current_wave_config]
#   } else {
#      send_msg_id Add_Wave-1 WARNING "No top level signals found. Simulator will start without a wave window. If you want to open a wave window go to 'File->New Waveform Configuration' or type 'create_wave_config' in the TCL console."
#   }
# }
# run 1000ns
INFO: [USF-XSim-96] XSim completed. Design snapshot 'tb_prueba_process_behav' loaded.
INFO: [USF-XSim-97] XSim simulation ran for 1000ns
launch_simulation: Time (s): cpu = 00:00:02 ; elapsed = 00:00:10 . Memory (MB): peak = 1169.730 ; gain = 0.000
close_sim
INFO: [Simtcl 6-16] Simulation closed
close [ open C:/Users/hugoz/OneDrive/Desktop/se/master/prcticas/pruebas_SE/pruebas_SE.srcs/sources_1/new/sist_vot_ifelse.vhd w ]
add_files C:/Users/hugoz/OneDrive/Desktop/se/master/prcticas/pruebas_SE/pruebas_SE.srcs/sources_1/new/sist_vot_ifelse.vhd
update_compile_order -fileset sources_1
close [ open C:/Users/hugoz/OneDrive/Desktop/se/master/prcticas/pruebas_SE/pruebas_SE.srcs/sources_1/new/sist_vot_caseiswhen.vhd w ]
add_files C:/Users/hugoz/OneDrive/Desktop/se/master/prcticas/pruebas_SE/pruebas_SE.srcs/sources_1/new/sist_vot_caseiswhen.vhd
update_compile_order -fileset sources_1
close [ open C:/Users/hugoz/OneDrive/Desktop/se/master/prcticas/pruebas_SE/pruebas_SE.srcs/sources_1/new/sit_vot_whenelse.vhd w ]
add_files C:/Users/hugoz/OneDrive/Desktop/se/master/prcticas/pruebas_SE/pruebas_SE.srcs/sources_1/new/sit_vot_whenelse.vhd
update_compile_order -fileset sources_1
close [ open C:/Users/hugoz/OneDrive/Desktop/se/master/prcticas/pruebas_SE/pruebas_SE.srcs/sources_1/new/sist_vot_withselectwhen.vhd w ]
add_files C:/Users/hugoz/OneDrive/Desktop/se/master/prcticas/pruebas_SE/pruebas_SE.srcs/sources_1/new/sist_vot_withselectwhen.vhd
update_compile_order -fileset sources_1
close [ open C:/Users/hugoz/OneDrive/Desktop/se/master/prcticas/pruebas_SE/pruebas_SE.srcs/sources_1/new/registro_desplazador_4bits.vhd w ]
add_files C:/Users/hugoz/OneDrive/Desktop/se/master/prcticas/pruebas_SE/pruebas_SE.srcs/sources_1/new/registro_desplazador_4bits.vhd
update_compile_order -fileset sources_1
close [ open C:/Users/hugoz/OneDrive/Desktop/se/master/prcticas/pruebas_SE/pruebas_SE.srcs/sources_1/new/comp_A1_generico.vhd w ]
add_files C:/Users/hugoz/OneDrive/Desktop/se/master/prcticas/pruebas_SE/pruebas_SE.srcs/sources_1/new/comp_A1_generico.vhd
update_compile_order -fileset sources_1
set_property SOURCE_SET sources_1 [get_filesets sim_1]
close [ open C:/Users/hugoz/OneDrive/Desktop/se/master/prcticas/pruebas_SE/pruebas_SE.srcs/sim_1/new/tb_generico.vhd w ]
add_files -fileset sim_1 C:/Users/hugoz/OneDrive/Desktop/se/master/prcticas/pruebas_SE/pruebas_SE.srcs/sim_1/new/tb_generico.vhd
update_compile_order -fileset sim_1
set_property is_enabled false [get_files  C:/Users/hugoz/OneDrive/Desktop/se/master/prcticas/pruebas_SE/pruebas_SE.srcs/sim_1/new/tb_prueba_process.vhd]
update_compile_order -fileset sim_1
update_compile_order -fileset sim_1
update_compile_order -fileset sim_1
launch_simulation
Command: launch_simulation 
INFO: [Vivado 12-12493] Simulation top is 'tb_generico'
WARNING: [Vivado 12-13340] Unable to auto find GCC executables from simulator install path! (path not set)
WARNING: [Vivado 12-13277] Compiled library path does not exist: ''
INFO: [Vivado 12-5682] Launching behavioral simulation in 'C:/Users/hugoz/OneDrive/Desktop/se/master/prcticas/pruebas_SE/pruebas_SE.sim/sim_1/behav/xsim'
INFO: [SIM-utils-51] Simulation object is 'sim_1'
INFO: [SIM-utils-72] Using boost library from 'C:/Xilinx/Vivado/2022.2/tps/boost_1_72_0'
INFO: [SIM-utils-54] Inspecting design source files for 'tb_generico' in fileset 'sim_1'...
INFO: [USF-XSim-97] Finding global include files...
INFO: [USF-XSim-98] Fetching design files from 'sim_1'...
INFO: [USF-XSim-2] XSim::Compile design
INFO: [USF-XSim-61] Executing 'COMPILE and ANALYZE' step in 'C:/Users/hugoz/OneDrive/Desktop/se/master/prcticas/pruebas_SE/pruebas_SE.sim/sim_1/behav/xsim'
"xvhdl --incr --relax -prj tb_generico_vhdl.prj"
INFO: [VRFC 10-163] Analyzing VHDL file "C:/Users/hugoz/OneDrive/Desktop/se/master/prcticas/pruebas_SE/pruebas_SE.srcs/sources_1/new/comp_A1_generico.vhd" into library xil_defaultlib
INFO: [VRFC 10-3107] analyzing entity 'comp_A1_generico'
INFO: [VRFC 10-163] Analyzing VHDL file "C:/Users/hugoz/OneDrive/Desktop/se/master/prcticas/pruebas_SE/pruebas_SE.srcs/sim_1/new/tb_generico.vhd" into library xil_defaultlib
INFO: [VRFC 10-3107] analyzing entity 'tb_generico'
INFO: [USF-XSim-69] 'compile' step finished in '4' seconds
INFO: [USF-XSim-3] XSim::Elaborate design
INFO: [USF-XSim-61] Executing 'ELABORATE' step in 'C:/Users/hugoz/OneDrive/Desktop/se/master/prcticas/pruebas_SE/pruebas_SE.sim/sim_1/behav/xsim'
"xelab --incr --debug typical --relax --mt 2 -L xil_defaultlib -L secureip --snapshot tb_generico_behav xil_defaultlib.tb_generico -log elaborate.log"
Vivado Simulator v2022.2
Copyright 1986-1999, 2001-2022 Xilinx, Inc. All Rights Reserved.
Running: C:/Xilinx/Vivado/2022.2/bin/unwrapped/win64.o/xelab.exe --incr --debug typical --relax --mt 2 -L xil_defaultlib -L secureip --snapshot tb_generico_behav xil_defaultlib.tb_generico -log elaborate.log 
Using 2 slave threads.
Starting static elaboration
Completed static elaboration
Starting simulation data flow analysis
Completed simulation data flow analysis
Time Resolution for simulation is 1ps
Compiling package std.standard
Compiling package std.textio
Compiling package ieee.std_logic_1164
Compiling architecture behavioral of entity xil_defaultlib.comp_A1_generico [\comp_A1_generico(n=3)\]
Compiling architecture behavioral of entity xil_defaultlib.comp_A1_generico [\comp_A1_generico(n=1)\]
Compiling architecture behavioral of entity xil_defaultlib.tb_generico
Built simulation snapshot tb_generico_behav
run_program: Time (s): cpu = 00:00:00 ; elapsed = 00:00:06 . Memory (MB): peak = 1169.730 ; gain = 0.000
INFO: [USF-XSim-69] 'elaborate' step finished in '6' seconds
INFO: [USF-XSim-4] XSim::Simulate design
INFO: [USF-XSim-61] Executing 'SIMULATE' step in 'C:/Users/hugoz/OneDrive/Desktop/se/master/prcticas/pruebas_SE/pruebas_SE.sim/sim_1/behav/xsim'
INFO: [USF-XSim-98] *** Running xsim
   with args "tb_generico_behav -key {Behavioral:sim_1:Functional:tb_generico} -tclbatch {tb_generico.tcl} -log {simulate.log}"
INFO: [USF-XSim-8] Loading simulator feature
Time resolution is 1 ps
source tb_generico.tcl
# set curr_wave [current_wave_config]
# if { [string length $curr_wave] == 0 } {
#   if { [llength [get_objects]] > 0} {
#     add_wave /
#     set_property needs_save false [current_wave_config]
#   } else {
#      send_msg_id Add_Wave-1 WARNING "No top level signals found. Simulator will start without a wave window. If you want to open a wave window go to 'File->New Waveform Configuration' or type 'create_wave_config' in the TCL console."
#   }
# }
# run 1000ns
INFO: [USF-XSim-96] XSim completed. Design snapshot 'tb_generico_behav' loaded.
INFO: [USF-XSim-97] XSim simulation ran for 1000ns
launch_simulation: Time (s): cpu = 00:00:02 ; elapsed = 00:00:14 . Memory (MB): peak = 1169.730 ; gain = 0.000
close_sim
INFO: [Simtcl 6-16] Simulation closed
close [ open C:/Users/hugoz/OneDrive/Desktop/se/master/prcticas/pruebas_SE/pruebas_SE.srcs/sources_1/new/flipflop_D.vhd w ]
add_files C:/Users/hugoz/OneDrive/Desktop/se/master/prcticas/pruebas_SE/pruebas_SE.srcs/sources_1/new/flipflop_D.vhd
update_compile_order -fileset sources_1
close [ open C:/Users/hugoz/OneDrive/Desktop/se/master/prcticas/pruebas_SE/pruebas_SE.srcs/sources_1/new/shift_reg_4bits_flipflop_D.vhd w ]
add_files C:/Users/hugoz/OneDrive/Desktop/se/master/prcticas/pruebas_SE/pruebas_SE.srcs/sources_1/new/shift_reg_4bits_flipflop_D.vhd
update_compile_order -fileset sources_1
update_compile_order -fileset sources_1
close [ open C:/Users/hugoz/OneDrive/Desktop/se/master/prcticas/pruebas_SE/pruebas_SE.srcs/sources_1/new/mux_4a1.vhd w ]
add_files C:/Users/hugoz/OneDrive/Desktop/se/master/prcticas/pruebas_SE/pruebas_SE.srcs/sources_1/new/mux_4a1.vhd
update_compile_order -fileset sources_1
close [ open C:/Users/hugoz/OneDrive/Desktop/se/master/prcticas/pruebas_SE/pruebas_SE.srcs/sources_1/new/coder_4a2.vhd w ]
add_files C:/Users/hugoz/OneDrive/Desktop/se/master/prcticas/pruebas_SE/pruebas_SE.srcs/sources_1/new/coder_4a2.vhd
update_compile_order -fileset sources_1
close [ open C:/Users/hugoz/OneDrive/Desktop/se/master/prcticas/pruebas_SE/pruebas_SE.srcs/sources_1/new/decoder_2a4.vhd w ]
add_files C:/Users/hugoz/OneDrive/Desktop/se/master/prcticas/pruebas_SE/pruebas_SE.srcs/sources_1/new/decoder_2a4.vhd
update_compile_order -fileset sources_1
close [ open C:/Users/hugoz/OneDrive/Desktop/se/master/prcticas/pruebas_SE/pruebas_SE.srcs/sources_1/new/comparador_GEL_Nbits.vhd w ]
add_files C:/Users/hugoz/OneDrive/Desktop/se/master/prcticas/pruebas_SE/pruebas_SE.srcs/sources_1/new/comparador_GEL_Nbits.vhd
update_compile_order -fileset sources_1
close [ open C:/Users/hugoz/OneDrive/Desktop/se/master/prcticas/pruebas_SE/pruebas_SE.srcs/sources_1/new/comparador_gen_Nbits_signed.vhd w ]
add_files C:/Users/hugoz/OneDrive/Desktop/se/master/prcticas/pruebas_SE/pruebas_SE.srcs/sources_1/new/comparador_gen_Nbits_signed.vhd
update_compile_order -fileset sources_1
exit
INFO: [Common 17-206] Exiting Vivado at Thu Jan  9 15:41:24 2025...
